[ 2017-08-09T11:58:02+08:00 ] ::1 /jianli/index.php/Ucenter/Member/login.html
INFO: [ app_init ] --START--
INFO: Run Behavior\BuildLiteBehavior [ RunTime:0.000014s ]
INFO: [ app_init ] --END-- [ RunTime:0.000940s ]
INFO: [ app_begin ] --START--
INFO: Run Behavior\ReadHtmlCacheBehavior [ RunTime:0.001754s ]
INFO: [ app_begin ] --END-- [ RunTime:0.001862s ]
INFO: [ view_parse ] --START--
INFO: [ template_filter ] --START--
INFO: Run Behavior\ContentReplaceBehavior [ RunTime:0.000052s ]
INFO: [ template_filter ] --END-- [ RunTime:0.000111s ]
NOTIC: [8] Undefined variable: key G:\www\jianli\Application\Runtime\Cache\Ucenter\6797a8f50c62ecb73375d475dab0e313.php 第 19 行.
SQL: SHOW COLUMNS FROM `wm_category` [ RunTime:0.0047s ]
INFO: [ view_parse ] --START--
INFO: [ template_filter ] --START--
INFO: Run Behavior\ContentReplaceBehavior [ RunTime:0.000039s ]
INFO: [ template_filter ] --END-- [ RunTime:-0.047097s ]
INFO: Run Behavior\ParseTemplateBehavior [ RunTime:0.013313s ]
INFO: [ view_parse ] --END-- [ RunTime:0.013401s ]
INFO: [ view_filter ] --START--
INFO: Run Behavior\WriteHtmlCacheBehavior [ RunTime:0.001140s ]
INFO: [ view_filter ] --END-- [ RunTime:0.001185s ]
INFO: Run Behavior\ParseTemplateBehavior [ RunTime:0.014803s ]
INFO: [ view_parse ] --END-- [ RunTime:0.013401s ]
INFO: [ view_filter ] --START--
INFO: Run Behavior\WriteHtmlCacheBehavior [ RunTime:0.000009s ]
INFO: [ view_filter ] --END-- [ RunTime:-0.000247s ]
INFO: [ app_end ] --START--
INFO: Run Behavior\ShowPageTraceBehavior [ RunTime:0.001345s ]
INFO: [ app_end ] --END-- [ RunTime:0.001388s ]

[ 2017-08-09T11:58:02+08:00 ] ::1 /jianli/index.php/Ucenter/Member/verify.html
INFO: [ app_init ] --START--
INFO: Run Behavior\BuildLiteBehavior [ RunTime:0.000018s ]
INFO: [ app_init ] --END-- [ RunTime:0.001462s ]
INFO: [ app_begin ] --START--
INFO: Run Behavior\ReadHtmlCacheBehavior [ RunTime:0.001281s ]
INFO: [ app_begin ] --END-- [ RunTime:0.001343s ]
INFO: [ app_end ] --START--
INFO: Run Behavior\ShowPageTraceBehavior [ RunTime:0.001415s ]
INFO: [ app_end ] --END-- [ RunTime:0.001481s ]

[ 2017-08-09T11:58:17+08:00 ] ::1 /jianli/index.php/Ucenter/Member/login.html
INFO: [ app_init ] --START--
INFO: Run Behavior\BuildLiteBehavior [ RunTime:0.000012s ]
INFO: [ app_init ] --END-- [ RunTime:0.000860s ]
INFO: [ app_begin ] --START--
INFO: Run Behavior\ReadHtmlCacheBehavior [ RunTime:0.001193s ]
INFO: [ app_begin ] --END-- [ RunTime:0.001239s ]
SQL: SHOW COLUMNS FROM `wm_ucenter` [ RunTime:0.0070s ]
SQL: SHOW COLUMNS FROM `wm_ucenter` [ RunTime:0.0074s ]
SQL: SELECT `id`,`nickname`,`avatar`,`email`,`birthday`,`sex`,`score`,`level`,`vip`,`lastlogin`,`status` FROM `wm_ucenter` WHERE `email` = '980519349@qq.com' AND `password` = 'fH8iytA_ZQCr_6QAiwi7mbewxEr32JXbRylRQkF5t5k' AND `status` = 1 LIMIT 1   [ RunTime:0.0011s ]
SQL: UPDATE `wm_ucenter` SET `lastlogin`='2017-08-09 11:58:17',`lastip`='0.0.0.0' WHERE `id` = 9 [ RunTime:0.0058s ]
SQL: UPDATE `wm_ucenter` SET `login_num`=login_num+1 WHERE ( id = 9 ) [ RunTime:0.0041s ]
SQL: SHOW COLUMNS FROM `wm_ucenter` [ RunTime:0.0070s ]
SQL: UPDATE `wm_ucenter` SET `score`=score+5 WHERE `id` = 9 [ RunTime:0.0029s ]

[ 2017-08-09T11:58:18+08:00 ] ::1 /jianli/index.php/Ucenter/Member/login.html
INFO: [ app_init ] --START--
INFO: Run Behavior\BuildLiteBehavior [ RunTime:0.000016s ]
INFO: [ app_init ] --END-- [ RunTime:0.000934s ]
INFO: [ app_begin ] --START--
INFO: Run Behavior\ReadHtmlCacheBehavior [ RunTime:0.001314s ]
INFO: [ app_begin ] --END-- [ RunTime:0.001370s ]

[ 2017-08-09T17:49:16+08:00 ] ::1 /jianli/index.php/Ucenter/Member/login.html
INFO: [ app_init ] --START--
INFO: Run Behavior\BuildLiteBehavior [ RunTime:0.000009s ]
INFO: [ app_init ] --END-- [ RunTime:0.000558s ]
INFO: [ app_begin ] --START--
INFO: Run Behavior\ReadHtmlCacheBehavior [ RunTime:0.000660s ]
INFO: [ app_begin ] --END-- [ RunTime:0.000705s ]
INFO: [ view_parse ] --START--
INFO: [ template_filter ] --START--
INFO: Run Behavior\ContentReplaceBehavior [ RunTime:0.000047s ]
INFO: [ template_filter ] --END-- [ RunTime:0.000086s ]
NOTIC: [8] Undefined variable: key G:\www\jianli\Application\Runtime\Cache\Ucenter\6797a8f50c62ecb73375d475dab0e313.php 第 19 行.
SQL: SHOW COLUMNS FROM `wm_category` [ RunTime:0.0029s ]
INFO: [ view_parse ] --START--
INFO: [ template_filter ] --START--
INFO: Run Behavior\ContentReplaceBehavior [ RunTime:0.000027s ]
INFO: [ template_filter ] --END-- [ RunTime:-0.017104s ]
INFO: Run Behavior\ParseTemplateBehavior [ RunTime:0.046695s ]
INFO: [ view_parse ] --END-- [ RunTime:0.046756s ]
INFO: [ view_filter ] --START--
INFO: Run Behavior\WriteHtmlCacheBehavior [ RunTime:0.000492s ]
INFO: [ view_filter ] --END-- [ RunTime:0.000521s ]
INFO: Run Behavior\ParseTemplateBehavior [ RunTime:0.047449s ]
INFO: [ view_parse ] --END-- [ RunTime:0.046756s ]
INFO: [ view_filter ] --START--
INFO: Run Behavior\WriteHtmlCacheBehavior [ RunTime:0.000006s ]
INFO: [ view_filter ] --END-- [ RunTime:-0.000196s ]
INFO: [ app_end ] --START--
INFO: Run Behavior\ShowPageTraceBehavior [ RunTime:0.000656s ]
INFO: [ app_end ] --END-- [ RunTime:0.000700s ]

[ 2017-08-09T17:49:16+08:00 ] ::1 /jianli/index.php/Ucenter/Member/verify.html
INFO: [ app_init ] --START--
INFO: Run Behavior\BuildLiteBehavior [ RunTime:0.000013s ]
INFO: [ app_init ] --END-- [ RunTime:0.000551s ]
INFO: [ app_begin ] --START--
INFO: Run Behavior\ReadHtmlCacheBehavior [ RunTime:0.000601s ]
INFO: [ app_begin ] --END-- [ RunTime:0.000650s ]
INFO: [ app_end ] --START--
INFO: Run Behavior\ShowPageTraceBehavior [ RunTime:0.000786s ]
INFO: [ app_end ] --END-- [ RunTime:0.000955s ]

