[ 2017-08-10T01:11:19+08:00 ] ::1 /jianli/
INFO: [ app_init ] --START--
INFO: Run Behavior\BuildLiteBehavior [ RunTime:0.000011s ]
INFO: [ app_init ] --END-- [ RunTime:0.000858s ]
INFO: [ app_begin ] --START--
INFO: Run Behavior\ReadHtmlCacheBehavior [ RunTime:0.001024s ]
INFO: [ app_begin ] --END-- [ RunTime:0.001073s ]
SQL: SHOW COLUMNS FROM `wm_file` [ RunTime:0.0029s ]
SQL: SELECT `id`,`cate_id`,`page`,`first_cover`,`heart`,`download` FROM `wm_file` WHERE ( status = 1 )  [ RunTime:0.0003s ]
INFO: [ view_parse ] --START--
INFO: [ template_filter ] --START--
INFO: Run Behavior\ContentReplaceBehavior [ RunTime:0.000040s ]
INFO: [ template_filter ] --END-- [ RunTime:0.000081s ]
SQL: SHOW COLUMNS FROM `wm_category` [ RunTime:0.0034s ]
INFO: [ view_parse ] --START--
INFO: [ template_filter ] --START--
INFO: Run Behavior\ContentReplaceBehavior [ RunTime:0.000028s ]
INFO: [ template_filter ] --END-- [ RunTime:-0.021185s ]
INFO: Run Behavior\ParseTemplateBehavior [ RunTime:0.013842s ]
INFO: [ view_parse ] --END-- [ RunTime:0.013881s ]
INFO: [ view_filter ] --START--
INFO: Run Behavior\WriteHtmlCacheBehavior [ RunTime:0.000676s ]
INFO: [ view_filter ] --END-- [ RunTime:0.000705s ]
SQL: SHOW COLUMNS FROM `wm_covers` [ RunTime:0.0035s ]
SQL: SHOW COLUMNS FROM `wm_covers` [ RunTime:0.0028s ]
SQL: SELECT `savepath` FROM `wm_covers` WHERE `id` = 6 LIMIT 1   [ RunTime:0.0002s ]
SQL: SELECT `savepath` FROM `wm_covers` WHERE `id` = 7 LIMIT 1   [ RunTime:0.0002s ]
SQL: SELECT `savepath` FROM `wm_covers` WHERE `id` = 8 LIMIT 1   [ RunTime:0.0002s ]
SQL: SELECT `savepath` FROM `wm_covers` WHERE `id` = 9 LIMIT 1   [ RunTime:0.0002s ]
SQL: SELECT `savepath` FROM `wm_covers` WHERE `id` = 10 LIMIT 1   [ RunTime:0.0002s ]
SQL: SELECT `savepath` FROM `wm_covers` WHERE `id` = 11 LIMIT 1   [ RunTime:0.0002s ]
SQL: SELECT `savepath` FROM `wm_covers` WHERE `id` = 12 LIMIT 1   [ RunTime:0.0002s ]
SQL: SELECT `savepath` FROM `wm_covers` WHERE `id` = 13 LIMIT 1   [ RunTime:0.0002s ]
SQL: SELECT `savepath` FROM `wm_covers` WHERE `id` = 14 LIMIT 1   [ RunTime:0.0002s ]
SQL: SELECT `savepath` FROM `wm_covers` WHERE `id` = 16 LIMIT 1   [ RunTime:0.0002s ]
SQL: SELECT `savepath` FROM `wm_covers` WHERE `id` = 18 LIMIT 1   [ RunTime:0.0002s ]
SQL: SELECT `savepath` FROM `wm_covers` WHERE `id` = 19 LIMIT 1   [ RunTime:0.0002s ]
SQL: SELECT `savepath` FROM `wm_covers` WHERE `id` = 22 LIMIT 1   [ RunTime:0.0002s ]
SQL: SELECT `savepath` FROM `wm_covers` WHERE `id` = 23 LIMIT 1   [ RunTime:0.0002s ]
SQL: SELECT `savepath` FROM `wm_covers` WHERE `id` = 24 LIMIT 1   [ RunTime:0.0002s ]
SQL: SELECT `savepath` FROM `wm_covers` WHERE `id` = 25 LIMIT 1   [ RunTime:0.0002s ]
SQL: SELECT `savepath` FROM `wm_covers` WHERE `id` = 26 LIMIT 1   [ RunTime:0.0002s ]
SQL: SELECT `savepath` FROM `wm_covers` WHERE `id` = 27 LIMIT 1   [ RunTime:0.0002s ]
SQL: SELECT `savepath` FROM `wm_covers` WHERE `id` = 28 LIMIT 1   [ RunTime:0.0002s ]
SQL: SELECT `savepath` FROM `wm_covers` WHERE `id` = 29 LIMIT 1   [ RunTime:0.0002s ]
SQL: SELECT `savepath` FROM `wm_covers` WHERE `id` = 30 LIMIT 1   [ RunTime:0.0002s ]
SQL: SELECT `savepath` FROM `wm_covers` WHERE `id` = 31 LIMIT 1   [ RunTime:0.0002s ]
SQL: SELECT `savepath` FROM `wm_covers` WHERE `id` = 32 LIMIT 1   [ RunTime:0.0002s ]
SQL: SELECT `savepath` FROM `wm_covers` WHERE `id` = 33 LIMIT 1   [ RunTime:0.0002s ]
INFO: Run Behavior\ParseTemplateBehavior [ RunTime:0.048078s ]
INFO: [ view_parse ] --END-- [ RunTime:0.013881s ]
INFO: [ view_filter ] --START--
INFO: Run Behavior\WriteHtmlCacheBehavior [ RunTime:0.000009s ]
INFO: [ view_filter ] --END-- [ RunTime:-0.033525s ]
INFO: [ app_end ] --START--
INFO: Run Behavior\ShowPageTraceBehavior [ RunTime:0.001162s ]
INFO: [ app_end ] --END-- [ RunTime:0.001209s ]

[ 2017-08-10T01:11:24+08:00 ] ::1 /jianli/index.php/Home/Index/index/p/2.html
INFO: [ app_init ] --START--
INFO: Run Behavior\BuildLiteBehavior [ RunTime:0.000011s ]
INFO: [ app_init ] --END-- [ RunTime:0.000628s ]
INFO: [ app_begin ] --START--
INFO: Run Behavior\ReadHtmlCacheBehavior [ RunTime:0.000865s ]
INFO: [ app_begin ] --END-- [ RunTime:0.000902s ]
SQL: SHOW COLUMNS FROM `wm_file` [ RunTime:0.0034s ]
SQL: SELECT `id`,`cate_id`,`page`,`first_cover`,`heart`,`download` FROM `wm_file` WHERE ( status = 1 )  [ RunTime:0.0003s ]
INFO: [ view_parse ] --START--
INFO: [ template_filter ] --START--
INFO: Run Behavior\ContentReplaceBehavior [ RunTime:0.000039s ]
INFO: [ template_filter ] --END-- [ RunTime:0.000078s ]
SQL: SHOW COLUMNS FROM `wm_category` [ RunTime:0.0028s ]
INFO: [ view_parse ] --START--
INFO: [ template_filter ] --START--
INFO: Run Behavior\ContentReplaceBehavior [ RunTime:0.000028s ]
INFO: [ template_filter ] --END-- [ RunTime:-0.010661s ]
INFO: Run Behavior\ParseTemplateBehavior [ RunTime:0.003989s ]
INFO: [ view_parse ] --END-- [ RunTime:0.004065s ]
INFO: [ view_filter ] --START--
INFO: Run Behavior\WriteHtmlCacheBehavior [ RunTime:0.000462s ]
INFO: [ view_filter ] --END-- [ RunTime:0.000495s ]
SQL: SHOW COLUMNS FROM `wm_covers` [ RunTime:0.0029s ]
SQL: SHOW COLUMNS FROM `wm_covers` [ RunTime:0.0025s ]
SQL: SELECT `savepath` FROM `wm_covers` WHERE `id` = 34 LIMIT 1   [ RunTime:0.0002s ]
SQL: SELECT `savepath` FROM `wm_covers` WHERE `id` = 35 LIMIT 1   [ RunTime:0.0001s ]
SQL: SELECT `savepath` FROM `wm_covers` WHERE `id` = 36 LIMIT 1   [ RunTime:0.0001s ]
SQL: SELECT `savepath` FROM `wm_covers` WHERE `id` = 36 LIMIT 1   [ RunTime:0.0004s ]
INFO: Run Behavior\ParseTemplateBehavior [ RunTime:0.015437s ]
INFO: [ view_parse ] --END-- [ RunTime:0.004065s ]
INFO: [ view_filter ] --START--
INFO: Run Behavior\WriteHtmlCacheBehavior [ RunTime:0.000031s ]
INFO: [ view_filter ] --END-- [ RunTime:-0.011002s ]
INFO: [ app_end ] --START--
INFO: Run Behavior\ShowPageTraceBehavior [ RunTime:0.001682s ]
INFO: [ app_end ] --END-- [ RunTime:0.001721s ]

[ 2017-08-10T01:12:29+08:00 ] ::1 /jianli/index.php/Home/Index/index/p/2.html
INFO: [ app_init ] --START--
INFO: Run Behavior\BuildLiteBehavior [ RunTime:0.000010s ]
INFO: [ app_init ] --END-- [ RunTime:0.000656s ]
INFO: [ app_begin ] --START--
INFO: Run Behavior\ReadHtmlCacheBehavior [ RunTime:0.000966s ]
INFO: [ app_begin ] --END-- [ RunTime:0.001005s ]
SQL: SHOW COLUMNS FROM `wm_file` [ RunTime:0.0035s ]
SQL: SELECT `id`,`cate_id`,`page`,`first_cover`,`heart`,`download` FROM `wm_file` WHERE ( status = 1 )  [ RunTime:0.0003s ]
INFO: [ view_parse ] --START--
INFO: [ template_filter ] --START--
INFO: Run Behavior\ContentReplaceBehavior [ RunTime:0.000040s ]
INFO: [ template_filter ] --END-- [ RunTime:0.000077s ]
SQL: SHOW COLUMNS FROM `wm_category` [ RunTime:0.0031s ]
INFO: [ view_parse ] --START--
INFO: [ template_filter ] --START--
INFO: Run Behavior\ContentReplaceBehavior [ RunTime:0.000028s ]
INFO: [ template_filter ] --END-- [ RunTime:-0.010739s ]
INFO: Run Behavior\ParseTemplateBehavior [ RunTime:0.003674s ]
INFO: [ view_parse ] --END-- [ RunTime:0.003714s ]
INFO: [ view_filter ] --START--
INFO: Run Behavior\WriteHtmlCacheBehavior [ RunTime:0.000668s ]
INFO: [ view_filter ] --END-- [ RunTime:0.000698s ]
SQL: SHOW COLUMNS FROM `wm_covers` [ RunTime:0.0032s ]
SQL: SHOW COLUMNS FROM `wm_covers` [ RunTime:0.0027s ]
SQL: SELECT `savepath` FROM `wm_covers` WHERE `id` = 34 LIMIT 1   [ RunTime:0.0002s ]
SQL: SELECT `savepath` FROM `wm_covers` WHERE `id` = 35 LIMIT 1   [ RunTime:0.0002s ]
SQL: SELECT `savepath` FROM `wm_covers` WHERE `id` = 36 LIMIT 1   [ RunTime:0.0002s ]
INFO: Run Behavior\ParseTemplateBehavior [ RunTime:0.015056s ]
INFO: [ view_parse ] --END-- [ RunTime:0.003714s ]
INFO: [ view_filter ] --START--
INFO: Run Behavior\WriteHtmlCacheBehavior [ RunTime:0.000008s ]
INFO: [ view_filter ] --END-- [ RunTime:-0.010680s ]
INFO: [ app_end ] --START--
INFO: Run Behavior\ShowPageTraceBehavior [ RunTime:0.001061s ]
INFO: [ app_end ] --END-- [ RunTime:0.001093s ]

[ 2017-08-10T01:15:38+08:00 ] ::1 /jianli/index.php/Home/Index/index/p/2.html
INFO: [ app_init ] --START--
INFO: Run Behavior\BuildLiteBehavior [ RunTime:0.000010s ]
INFO: [ app_init ] --END-- [ RunTime:0.000664s ]
INFO: [ app_begin ] --START--
INFO: Run Behavior\ReadHtmlCacheBehavior [ RunTime:0.000976s ]
INFO: [ app_begin ] --END-- [ RunTime:0.001026s ]
SQL: SHOW COLUMNS FROM `wm_file` [ RunTime:0.0035s ]
SQL: SELECT `id`,`cate_id`,`page`,`first_cover`,`heart`,`download` FROM `wm_file` WHERE ( status = 1 )  [ RunTime:0.0003s ]
INFO: [ view_parse ] --START--
INFO: [ template_filter ] --START--
INFO: Run Behavior\ContentReplaceBehavior [ RunTime:0.000038s ]
INFO: [ template_filter ] --END-- [ RunTime:0.000073s ]
SQL: SHOW COLUMNS FROM `wm_category` [ RunTime:0.0031s ]
INFO: [ view_parse ] --START--
INFO: [ template_filter ] --START--
INFO: Run Behavior\ContentReplaceBehavior [ RunTime:0.000027s ]
INFO: [ template_filter ] --END-- [ RunTime:-0.010004s ]
INFO: Run Behavior\ParseTemplateBehavior [ RunTime:0.003950s ]
INFO: [ view_parse ] --END-- [ RunTime:0.003997s ]
INFO: [ view_filter ] --START--
INFO: Run Behavior\WriteHtmlCacheBehavior [ RunTime:0.000672s ]
INFO: [ view_filter ] --END-- [ RunTime:0.000702s ]
SQL: SHOW COLUMNS FROM `wm_covers` [ RunTime:0.0028s ]
SQL: SHOW COLUMNS FROM `wm_covers` [ RunTime:0.0027s ]
SQL: SELECT `savepath` FROM `wm_covers` WHERE `id` = 34 LIMIT 1   [ RunTime:0.0003s ]
SQL: SELECT `savepath` FROM `wm_covers` WHERE `id` = 35 LIMIT 1   [ RunTime:0.0001s ]
SQL: SELECT `savepath` FROM `wm_covers` WHERE `id` = 36 LIMIT 1   [ RunTime:0.0001s ]
SQL: SELECT `savepath` FROM `wm_covers` WHERE `id` = 38 LIMIT 1   [ RunTime:0.0002s ]
SQL: SELECT `savepath` FROM `wm_covers` WHERE `id` = 39 LIMIT 1   [ RunTime:0.0002s ]
SQL: SELECT `savepath` FROM `wm_covers` WHERE `id` = 40 LIMIT 1   [ RunTime:0.0001s ]
SQL: SELECT `savepath` FROM `wm_covers` WHERE `id` = 41 LIMIT 1   [ RunTime:0.0001s ]
SQL: SELECT `savepath` FROM `wm_covers` WHERE `id` = 42 LIMIT 1   [ RunTime:0.0001s ]
INFO: Run Behavior\ParseTemplateBehavior [ RunTime:0.017589s ]
INFO: [ view_parse ] --END-- [ RunTime:0.003997s ]
INFO: [ view_filter ] --START--
INFO: Run Behavior\WriteHtmlCacheBehavior [ RunTime:0.000008s ]
INFO: [ view_filter ] --END-- [ RunTime:-0.012919s ]
INFO: [ app_end ] --START--
INFO: Run Behavior\ShowPageTraceBehavior [ RunTime:0.001050s ]
INFO: [ app_end ] --END-- [ RunTime:0.001087s ]

[ 2017-08-10T01:15:53+08:00 ] ::1 /jianli/index.php/Home/File/detail/id/YUZ_FHJUA1YGr3oCIvh_CLQmk2WyZZOat4-u2joriDc.html
INFO: [ app_init ] --START--
INFO: Run Behavior\BuildLiteBehavior [ RunTime:0.000012s ]
INFO: [ app_init ] --END-- [ RunTime:0.000631s ]
INFO: [ app_begin ] --START--
INFO: Run Behavior\ReadHtmlCacheBehavior [ RunTime:0.001314s ]
INFO: [ app_begin ] --END-- [ RunTime:0.001368s ]
SQL: SHOW COLUMNS FROM `wm_file` [ RunTime:0.0037s ]
SQL: SHOW COLUMNS FROM `wm_file` [ RunTime:0.0054s ]
SQL: SELECT `id`,`cate_id`,`page`,`first_cover`,`cover`,`filename`,`type`,`ext`,`size`,`heart`,`download` FROM `wm_file` WHERE `id` = 10035 AND `status` = 1 LIMIT 1   [ RunTime:0.0006s ]
SQL: SHOW COLUMNS FROM `wm_heart` [ RunTime:0.0030s ]
INFO: [ view_parse ] --START--
INFO: [ template_filter ] --START--
INFO: Run Behavior\ContentReplaceBehavior [ RunTime:0.000159s ]
INFO: [ template_filter ] --END-- [ RunTime:0.000296s ]
NOTIC: [8] Undefined variable: key G:\www\jianli\Application\Runtime\Cache\Home\fa7ffa96de7b9942da67aa18017d4db8.php 第 19 行.
SQL: SHOW COLUMNS FROM `wm_category` [ RunTime:0.0040s ]
INFO: [ view_parse ] --START--
INFO: [ template_filter ] --START--
INFO: Run Behavior\ContentReplaceBehavior [ RunTime:0.000029s ]
INFO: [ template_filter ] --END-- [ RunTime:-0.013035s ]
INFO: Run Behavior\ParseTemplateBehavior [ RunTime:0.003269s ]
INFO: [ view_parse ] --END-- [ RunTime:0.003310s ]
INFO: [ view_filter ] --START--
INFO: Run Behavior\WriteHtmlCacheBehavior [ RunTime:0.001058s ]
INFO: [ view_filter ] --END-- [ RunTime:0.001088s ]
SQL: SHOW COLUMNS FROM `wm_covers` [ RunTime:0.0043s ]
SQL: SHOW COLUMNS FROM `wm_covers` [ RunTime:0.0038s ]
SQL: SELECT `savepath` FROM `wm_covers` WHERE `id` IN ('39')  [ RunTime:0.0002s ]
NOTIC: [8] Use of undefined constant id - assumed 'id' G:\www\jianli\Application\Runtime\Cache\Home\fa7ffa96de7b9942da67aa18017d4db8.php 第 56 行.
INFO: Run Behavior\ParseTemplateBehavior [ RunTime:0.015361s ]
INFO: [ view_parse ] --END-- [ RunTime:0.003310s ]
INFO: [ view_filter ] --START--
INFO: Run Behavior\WriteHtmlCacheBehavior [ RunTime:0.000008s ]
INFO: [ view_filter ] --END-- [ RunTime:-0.010996s ]
INFO: [ app_end ] --START--
INFO: Run Behavior\ShowPageTraceBehavior [ RunTime:0.001255s ]
INFO: [ app_end ] --END-- [ RunTime:0.001283s ]

[ 2017-08-10T01:16:03+08:00 ] ::1 /jianli/index.php/Home/File/detail/id/YUZ_FHJUA1YGr3oCIvh_CLQmk2WyZZOat4-u2joriDc.html
INFO: [ app_init ] --START--
INFO: Run Behavior\BuildLiteBehavior [ RunTime:0.000010s ]
INFO: [ app_init ] --END-- [ RunTime:0.000559s ]
INFO: [ app_begin ] --START--
INFO: Run Behavior\ReadHtmlCacheBehavior [ RunTime:0.001444s ]
INFO: [ app_begin ] --END-- [ RunTime:0.001505s ]
SQL: SHOW COLUMNS FROM `wm_file` [ RunTime:0.0031s ]
SQL: SHOW COLUMNS FROM `wm_file` [ RunTime:0.0026s ]
SQL: SELECT `id`,`cate_id`,`page`,`first_cover`,`cover`,`filename`,`type`,`ext`,`size`,`heart`,`download` FROM `wm_file` WHERE `id` = 10035 AND `status` = 1 LIMIT 1   [ RunTime:0.0003s ]
SQL: SHOW COLUMNS FROM `wm_heart` [ RunTime:0.0030s ]
INFO: [ view_parse ] --START--
INFO: [ template_filter ] --START--
INFO: Run Behavior\ContentReplaceBehavior [ RunTime:0.000046s ]
INFO: [ template_filter ] --END-- [ RunTime:0.000083s ]
NOTIC: [8] Undefined variable: key G:\www\jianli\Application\Runtime\Cache\Home\fa7ffa96de7b9942da67aa18017d4db8.php 第 19 行.
SQL: SHOW COLUMNS FROM `wm_category` [ RunTime:0.0033s ]
INFO: [ view_parse ] --START--
INFO: [ template_filter ] --START--
INFO: Run Behavior\ContentReplaceBehavior [ RunTime:0.000031s ]
INFO: [ template_filter ] --END-- [ RunTime:-0.011220s ]
INFO: Run Behavior\ParseTemplateBehavior [ RunTime:0.003912s ]
INFO: [ view_parse ] --END-- [ RunTime:0.003960s ]
INFO: [ view_filter ] --START--
INFO: Run Behavior\WriteHtmlCacheBehavior [ RunTime:0.001062s ]
INFO: [ view_filter ] --END-- [ RunTime:0.001093s ]
SQL: SHOW COLUMNS FROM `wm_covers` [ RunTime:0.0028s ]
SQL: SHOW COLUMNS FROM `wm_covers` [ RunTime:0.0028s ]
SQL: SELECT `savepath` FROM `wm_covers` WHERE `id` IN ('39')  [ RunTime:0.0002s ]
NOTIC: [8] Use of undefined constant id - assumed 'id' G:\www\jianli\Application\Runtime\Cache\Home\fa7ffa96de7b9942da67aa18017d4db8.php 第 56 行.
INFO: Run Behavior\ParseTemplateBehavior [ RunTime:0.012891s ]
INFO: [ view_parse ] --END-- [ RunTime:0.003960s ]
INFO: [ view_filter ] --START--
INFO: Run Behavior\WriteHtmlCacheBehavior [ RunTime:0.000007s ]
INFO: [ view_filter ] --END-- [ RunTime:-0.007875s ]
INFO: [ app_end ] --START--
INFO: Run Behavior\ShowPageTraceBehavior [ RunTime:0.001294s ]
INFO: [ app_end ] --END-- [ RunTime:0.001324s ]

[ 2017-08-10T02:04:37+08:00 ] ::1 /jianli/index.php/Home/Index/index/p/2.html
INFO: [ app_init ] --START--
INFO: Run Behavior\BuildLiteBehavior [ RunTime:0.000020s ]
INFO: [ app_init ] --END-- [ RunTime:0.001010s ]
INFO: [ app_begin ] --START--
INFO: Run Behavior\ReadHtmlCacheBehavior [ RunTime:0.001033s ]
INFO: [ app_begin ] --END-- [ RunTime:0.001069s ]
SQL: SHOW COLUMNS FROM `wm_file` [ RunTime:0.0032s ]
SQL: SELECT `id`,`cate_id`,`page`,`first_cover`,`heart`,`download` FROM `wm_file` WHERE ( status = 1 )  [ RunTime:0.0003s ]
INFO: [ view_parse ] --START--
INFO: [ template_filter ] --START--
INFO: Run Behavior\ContentReplaceBehavior [ RunTime:0.000056s ]
INFO: [ template_filter ] --END-- [ RunTime:0.000112s ]
SQL: SHOW COLUMNS FROM `wm_category` [ RunTime:0.0031s ]
INFO: [ view_parse ] --START--
INFO: [ template_filter ] --START--
INFO: Run Behavior\ContentReplaceBehavior [ RunTime:0.000028s ]
INFO: [ template_filter ] --END-- [ RunTime:-0.031751s ]
INFO: Run Behavior\ParseTemplateBehavior [ RunTime:0.014083s ]
INFO: [ view_parse ] --END-- [ RunTime:0.014120s ]
INFO: [ view_filter ] --START--
INFO: Run Behavior\WriteHtmlCacheBehavior [ RunTime:0.000897s ]
INFO: [ view_filter ] --END-- [ RunTime:0.000925s ]
SQL: SHOW COLUMNS FROM `wm_covers` [ RunTime:0.0031s ]
SQL: SHOW COLUMNS FROM `wm_covers` [ RunTime:0.0032s ]
SQL: SELECT `savepath` FROM `wm_covers` WHERE `id` = 34 LIMIT 1   [ RunTime:0.0002s ]
SQL: SELECT `savepath` FROM `wm_covers` WHERE `id` = 35 LIMIT 1   [ RunTime:0.0002s ]
SQL: SELECT `savepath` FROM `wm_covers` WHERE `id` = 36 LIMIT 1   [ RunTime:0.0002s ]
SQL: SELECT `savepath` FROM `wm_covers` WHERE `id` = 38 LIMIT 1   [ RunTime:0.0002s ]
SQL: SELECT `savepath` FROM `wm_covers` WHERE `id` = 39 LIMIT 1   [ RunTime:0.0002s ]
SQL: SELECT `savepath` FROM `wm_covers` WHERE `id` = 40 LIMIT 1   [ RunTime:0.0002s ]
SQL: SELECT `savepath` FROM `wm_covers` WHERE `id` = 41 LIMIT 1   [ RunTime:0.0002s ]
SQL: SELECT `savepath` FROM `wm_covers` WHERE `id` = 42 LIMIT 1   [ RunTime:0.0002s ]
INFO: Run Behavior\ParseTemplateBehavior [ RunTime:0.039209s ]
INFO: [ view_parse ] --END-- [ RunTime:0.014120s ]
INFO: [ view_filter ] --START--
INFO: Run Behavior\WriteHtmlCacheBehavior [ RunTime:0.000008s ]
INFO: [ view_filter ] --END-- [ RunTime:-0.024206s ]
INFO: [ app_end ] --START--
INFO: Run Behavior\ShowPageTraceBehavior [ RunTime:0.001287s ]
INFO: [ app_end ] --END-- [ RunTime:0.001325s ]

[ 2017-08-10T02:20:13+08:00 ] ::1 /jianli/index.php/Home/Index/index/p/2.html
INFO: [ app_init ] --START--
INFO: Run Behavior\BuildLiteBehavior [ RunTime:0.000011s ]
INFO: [ app_init ] --END-- [ RunTime:0.000665s ]
INFO: [ app_begin ] --START--
INFO: Run Behavior\ReadHtmlCacheBehavior [ RunTime:0.000959s ]
INFO: [ app_begin ] --END-- [ RunTime:0.000996s ]
SQL: SHOW COLUMNS FROM `wm_file` [ RunTime:0.0039s ]
SQL: SELECT `id`,`cate_id`,`page`,`first_cover`,`heart`,`download` FROM `wm_file` WHERE ( status = 1 )  [ RunTime:0.0004s ]
INFO: [ view_parse ] --START--
INFO: [ template_filter ] --START--
INFO: Run Behavior\ContentReplaceBehavior [ RunTime:0.000042s ]
INFO: [ template_filter ] --END-- [ RunTime:0.000080s ]
SQL: SHOW COLUMNS FROM `wm_category` [ RunTime:0.0027s ]
INFO: [ view_parse ] --START--
INFO: [ template_filter ] --START--
INFO: Run Behavior\ContentReplaceBehavior [ RunTime:0.000027s ]
INFO: [ template_filter ] --END-- [ RunTime:-0.009821s ]
INFO: Run Behavior\ParseTemplateBehavior [ RunTime:0.003626s ]
INFO: [ view_parse ] --END-- [ RunTime:0.003662s ]
INFO: [ view_filter ] --START--
INFO: Run Behavior\WriteHtmlCacheBehavior [ RunTime:0.000424s ]
INFO: [ view_filter ] --END-- [ RunTime:0.000453s ]
SQL: SHOW COLUMNS FROM `wm_covers` [ RunTime:0.0034s ]
SQL: SHOW COLUMNS FROM `wm_covers` [ RunTime:0.0029s ]
SQL: SELECT `savepath` FROM `wm_covers` WHERE `id` = 34 LIMIT 1   [ RunTime:0.0002s ]
SQL: SELECT `savepath` FROM `wm_covers` WHERE `id` = 35 LIMIT 1   [ RunTime:0.0001s ]
SQL: SELECT `savepath` FROM `wm_covers` WHERE `id` = 36 LIMIT 1   [ RunTime:0.0001s ]
SQL: SELECT `savepath` FROM `wm_covers` WHERE `id` = 38 LIMIT 1   [ RunTime:0.0001s ]
SQL: SELECT `savepath` FROM `wm_covers` WHERE `id` = 39 LIMIT 1   [ RunTime:0.0001s ]
SQL: SELECT `savepath` FROM `wm_covers` WHERE `id` = 40 LIMIT 1   [ RunTime:0.0001s ]
SQL: SELECT `savepath` FROM `wm_covers` WHERE `id` = 41 LIMIT 1   [ RunTime:0.0002s ]
SQL: SELECT `savepath` FROM `wm_covers` WHERE `id` = 42 LIMIT 1   [ RunTime:0.0002s ]
INFO: Run Behavior\ParseTemplateBehavior [ RunTime:0.017747s ]
INFO: [ view_parse ] --END-- [ RunTime:0.003662s ]
INFO: [ view_filter ] --START--
INFO: Run Behavior\WriteHtmlCacheBehavior [ RunTime:0.000008s ]
INFO: [ view_filter ] --END-- [ RunTime:-0.013664s ]
INFO: [ app_end ] --START--
INFO: Run Behavior\ShowPageTraceBehavior [ RunTime:0.001025s ]
INFO: [ app_end ] --END-- [ RunTime:0.001063s ]

[ 2017-08-10T02:20:19+08:00 ] ::1 /jianli/index.php/Home/File/detail/id/WY7DgMiaUG1-rvoKNndJXQqhaM29kZItGp_rX9s8NzM.html
INFO: [ app_init ] --START--
INFO: Run Behavior\BuildLiteBehavior [ RunTime:0.000014s ]
INFO: [ app_init ] --END-- [ RunTime:0.000926s ]
INFO: [ app_begin ] --START--
INFO: Run Behavior\ReadHtmlCacheBehavior [ RunTime:0.000961s ]
INFO: [ app_begin ] --END-- [ RunTime:0.001036s ]
SQL: SHOW COLUMNS FROM `wm_file` [ RunTime:0.0036s ]
SQL: SHOW COLUMNS FROM `wm_file` [ RunTime:0.0044s ]
SQL: SELECT `id`,`cate_id`,`page`,`first_cover`,`cover`,`filename`,`type`,`ext`,`size`,`heart`,`download` FROM `wm_file` WHERE `id` = 10030 AND `status` = 1 LIMIT 1   [ RunTime:0.0003s ]
SQL: SHOW COLUMNS FROM `wm_heart` [ RunTime:0.0031s ]
INFO: [ view_parse ] --START--
INFO: [ template_filter ] --START--
INFO: Run Behavior\ContentReplaceBehavior [ RunTime:0.000051s ]
INFO: [ template_filter ] --END-- [ RunTime:0.000095s ]
NOTIC: [8] Undefined variable: key G:\www\jianli\Application\Runtime\Cache\Home\fa7ffa96de7b9942da67aa18017d4db8.php 第 19 行.
SQL: SHOW COLUMNS FROM `wm_category` [ RunTime:0.0028s ]
INFO: [ view_parse ] --START--
INFO: [ template_filter ] --START--
INFO: Run Behavior\ContentReplaceBehavior [ RunTime:0.000029s ]
INFO: [ template_filter ] --END-- [ RunTime:-0.011990s ]
INFO: Run Behavior\ParseTemplateBehavior [ RunTime:0.003955s ]
INFO: [ view_parse ] --END-- [ RunTime:0.004007s ]
INFO: [ view_filter ] --START--
INFO: Run Behavior\WriteHtmlCacheBehavior [ RunTime:0.000533s ]
INFO: [ view_filter ] --END-- [ RunTime:0.000562s ]
SQL: SHOW COLUMNS FROM `wm_covers` [ RunTime:0.0031s ]
SQL: SHOW COLUMNS FROM `wm_covers` [ RunTime:0.0028s ]
SQL: SELECT `savepath` FROM `wm_covers` WHERE `id` IN ('34')  [ RunTime:0.0002s ]
NOTIC: [8] Use of undefined constant id - assumed 'id' G:\www\jianli\Application\Runtime\Cache\Home\fa7ffa96de7b9942da67aa18017d4db8.php 第 56 行.
INFO: Run Behavior\ParseTemplateBehavior [ RunTime:0.013588s ]
INFO: [ view_parse ] --END-- [ RunTime:0.004007s ]
INFO: [ view_filter ] --START--
INFO: Run Behavior\WriteHtmlCacheBehavior [ RunTime:0.000008s ]
INFO: [ view_filter ] --END-- [ RunTime:-0.009053s ]
INFO: [ app_end ] --START--
INFO: Run Behavior\ShowPageTraceBehavior [ RunTime:0.001074s ]
INFO: [ app_end ] --END-- [ RunTime:0.001108s ]

